<?xml version="1.0" encoding="UTF-8"?>
<testsuite xmlns:xsi="http://www.w3.org/2001/XMLSchema-instance" xsi:noNamespaceSchemaLocation="https://maven.apache.org/surefire/maven-surefire-plugin/xsd/surefire-test-report-3.0.xsd" version="3.0" name="MainTest" time="2.975" tests="2" errors="0" skipped="0" failures="0">
  <properties>
[...]
</properties>
  <testcase name="testGenerateSuccessGrid2" classname="MainTest" time="1.829">
    <system-out><![CDATA[Tests are starting
[roes, dere, over, eses, voes, nene, sned, sone, eves, reed, rees, rods, sene, rede, sord, dons, nods, none, sore, dove, dodo, neon, odor, noes, dees, ones, done, dose, doer, redo, does, odds, eros, rode, need, redd, odes, seed, ends, deer, seen, sere, rose, devs, dens, neve, ever, eddo, sods, dore, send, soon, nose, sees, erne, reds, revs, sons, eons, veer, even, dors, noon, erns, sorn, dene, rend, dree, deed, nerd, doss, ordo, seer, oven, vend, node, sers, oses, vees, ores, door, rove, rood, ness]
[sons, doss, nose, dors, rose, rode, sods, eons, erns, nods, sore, reed, ones, neve, vees, eses, odds, done, dene, seer, erne, send, dove, sere, sees, eros, sord, door, rede, deed, seen, ness, roes, redd, over, soon, rees, rods, dree, nerd, sers, eddo, redo, sorn, sone, reds, doer, rood, none, sene, noon, eves, ends, ores, even, dore, odes, need, dees, veer, rove, devs, dodo, vend, dons, revs, dere, dens, voes, oven, sned, dose, neon, noes, ever, odor, nene, oses, node, deer, seed, rend, ordo, does]
[dore, seen, none, reed, rend, done, need, dors, sord, dees, rove, seer, dodo, dons, does, doss, redo, nods, odes, door, revs, dene, sore, sers, sere, dree, rods, eons, node, ores, sene, ness, sods, sons, erns, rode, rees, rood, sone, eses, eddo, nose, devs, soon, redd, noes, ever, ends, even, vend, veer, deed, roes, erne, seed, ordo, rose, ones, rede, sees, vees, dose, eros, dens, doer, nerd, sorn, oven, eves, reds, over, deer, odds, voes, sned, dove, nene, send, neon, noon, dere, odor, oses, neve]
[erns, sers, sons, deer, rood, redo, over, eros, dodo, deed, eses, sees, dove, does, sore, done, odds, noon, nods, sorn, ordo, odor, ness, neve, erne, eves, revs, even, vend, node, reed, rose, rods, voes, door, nerd, sord, doss, sene, eddo, ever, eons, doer, oses, dree, dees, rees, ones, sere, veer, odes, sned, rove, dose, rend, dere, reds, dors, nene, neon, send, dore, redd, oven, seed, seen, ores, sods, rede, sone, devs, dens, need, dene, vees, dons, soon, rode, seer, ends, none, noes, roes, nose]
[neon, rods, dees, eses, doss, ends, redo, erne, soon, odor, sere, sons, eddo, rose, send, reds, rood, neve, ordo, dens, sers, ores, dere, even, dore, roes, eves, seer, sees, sorn, revs, eros, reed, noes, sone, sods, rove, seen, ones, dove, odes, doer, voes, oses, ness, over, oven, dons, dose, rede, eons, vees, dene, erns, dree, veer, rode, ever, need, sned, odds, deer, door, nose, sore, none, seed, redd, sord, sene, does, node, nerd, rees, noon, dors, done, nene, vend, nods, rend, deed, devs, dodo]
[eses, reds, odor, voes, vees, sees, dore, sned, seer, neve, odds, revs, odes, nods, dree, over, ores, doer, sers, sere, rood, eves, erns, redo, dodo, oses, done, rove, soon, eons, sods, sord, dose, vend, dene, ness, redd, even, nene, does, oven, dere, rode, ends, deed, erne, sene, noon, rede, doss, neon, sons, rees, rose, none, roes, devs, dees, eros, dove, nerd, need, seed, seen, door, rods, sone, noes, rend, ordo, nose, dons, ever, dens, dors, reed, ones, deer, send, veer, sore, node, sorn, eddo]
[none, nene, erne, noon, devs, ordo, does, rode, neon, sene, doer, send, nods, seen, even, need, deed, sone, rood, soon, ones, ores, eses, nose, dore, dors, veer, dree, reed, redd, dens, ness, sere, reds, doss, ever, node, dose, sods, eros, erns, odds, rods, rend, sord, eddo, redo, seed, dons, vend, oses, seer, dene, noes, sorn, voes, sore, eves, rose, over, neve, sons, roes, revs, vees, ends, dees, sees, oven, sned, done, rove, dodo, sers, dere, deer, dove, rees, odes, eons, nerd, rede, door, odor]
[rove, rose, oses, dene, doss, veer, roes, deer, erne, dore, neon, vees, sore, seer, does, erns, voes, dors, rods, ends, ordo, node, sorn, need, eros, nene, eves, dens, neve, noes, oven, revs, done, dose, over, eses, deed, soon, none, dere, reds, ever, dees, sere, seen, door, sods, nods, sned, ones, vend, sene, dodo, dree, reed, rend, odor, sees, dons, seed, rees, sons, nerd, redo, even, ores, ness, rede, odes, doer, nose, eddo, send, redd, dove, sone, devs, sers, rode, noon, rood, odds, sord, eons]
[sons, ever, roes, dodo, seer, done, rede, rees, neve, dere, noon, redo, sord, ores, sees, soon, erns, eses, vend, reds, node, sers, sorn, noes, dose, sned, seed, doss, deer, over, redd, dees, nene, dons, odes, sene, dors, rods, eros, eddo, nerd, sone, nods, none, sods, voes, eves, nose, ends, send, rode, dens, need, does, deed, eons, devs, odds, reed, ordo, sere, revs, seen, rend, vees, odor, doer, ness, rood, oven, rove, veer, dene, dove, door, neon, sore, erne, even, dore, oses, ones, rose, dree]
[sene, seer, seen, devs, dons, deer, doss, rods, node, dore, does, voes, over, deed, ones, rede, oses, none, ness, sers, redo, eros, sere, redd, dere, eses, sons, rode, nose, odor, seed, ever, dove, dors, noes, dose, reed, doer, odes, rood, erne, rees, dees, dens, roes, rose, oven, ordo, dodo, sods, sord, done, eddo, noon, veer, send, nods, rove, nene, door, eons, dree, neve, odds, vees, need, even, eves, nerd, sees, sone, sned, dene, ores, ends, revs, vend, reds, erns, neon, sore, soon, rend, sorn]
[sons, eddo, send, seen, rend, voes, sore, dons, erns, ness, ones, rods, nose, eons, vees, reed, even, neve, dree, sods, oven, eses, ends, reds, sene, sone, soon, ores, nods, door, eros, node, nene, odds, dere, dees, devs, rees, sere, seer, sers, deer, sorn, does, odes, veer, eves, none, rose, ever, done, dore, redd, dose, dors, rood, vend, ordo, doss, dene, dove, sned, rove, dodo, deed, rede, oses, roes, neon, need, dens, odor, sord, erne, redo, sees, over, doer, seed, rode, nerd, noes, noon, revs]
[odes, ness, redo, sorn, send, none, sere, odor, reds, noes, neve, noon, sers, vend, oven, door, over, deed, rose, revs, dors, does, sene, seer, redd, eves, sees, seed, rede, vees, dree, sons, nods, rood, dene, doss, dose, dons, eros, rode, even, oses, ones, roes, dere, ordo, deer, reed, rove, need, soon, neon, devs, nene, doer, eddo, dove, sore, veer, ends, dens, nerd, sods, eons, sned, eses, sone, rees, odds, ores, rend, dore, voes, node, rods, erne, dodo, dees, erns, done, seen, sord, nose, ever]
[deed, seen, dree, rood, eses, dove, veer, reds, ores, doer, nerd, dens, dose, soon, seer, does, nods, need, ness, redo, sorn, dors, even, rove, door, sore, vees, ones, none, nose, ends, noes, dene, sods, sord, sees, eons, rede, rose, node, send, erne, ever, dees, sons, oses, roes, reed, sone, revs, deer, odor, erns, neon, sers, eros, sene, dere, rees, vend, neve, noon, eves, doss, odds, dore, sere, oven, ordo, eddo, odes, dodo, done, redd, dons, over, rode, rods, nene, rend, devs, voes, seed, sned]
[voes, erne, rods, eses, sere, noes, dose, eros, eons, dere, dens, rees, reds, even, dors, need, deer, seed, eves, odes, sers, rode, odor, redo, roes, done, over, noon, revs, nene, dodo, door, neon, none, sore, sods, dees, send, seer, node, sned, does, seen, devs, nerd, vend, ordo, rove, dree, oven, dove, sone, doer, odds, redd, deed, dene, eddo, ores, ever, nods, oses, sons, sorn, ness, ends, rose, veer, dore, ones, vees, sene, sord, rede, reed, nose, rood, erns, soon, doss, sees, neve, rend, dons]
[sord, doer, erne, neve, veer, dors, vend, dons, sons, nods, ever, sods, sene, dere, sees, doss, node, need, erns, redd, none, seer, dodo, roes, eros, dree, send, dene, nerd, dens, reds, sers, sore, revs, neon, deed, odds, rend, odes, rose, oven, door, redo, deer, seen, vees, sorn, ones, ness, dore, sone, oses, dees, dose, eses, voes, eons, eves, sere, done, noon, rees, even, over, seed, eddo, ordo, rove, rode, noes, soon, ores, dove, nose, sned, rods, ends, does, devs, odor, rede, rood, reed, nene]
[eddo, rend, nose, soon, reed, dons, rode, sore, oses, reds, eves, dodo, vees, rove, dere, does, sord, sned, rees, doer, nods, sees, ends, roes, dore, veer, ordo, door, sere, noes, need, eses, devs, revs, ores, sorn, over, noon, neon, dors, sene, eons, erne, rods, dens, sone, dose, ness, nerd, eros, redd, done, oven, rede, dene, deer, sods, odes, deed, node, voes, seer, seed, rood, vend, erns, rose, odor, odds, sers, ones, none, seen, even, doss, send, redo, nene, dees, dove, dree, sons, ever, neve]
[need, eves, sord, eses, rods, neon, doss, doer, rove, done, ever, dodo, oses, odes, redd, seer, eddo, eons, sods, sned, dree, send, deer, ness, dove, rees, dere, nerd, devs, eros, sorn, rend, deed, rede, rose, redo, sers, sene, vees, ends, nose, rode, erns, ones, noon, seed, sere, dors, sons, rood, sees, veer, door, oven, does, even, odds, erne, nene, soon, dens, over, none, voes, nods, reds, dons, vend, sone, neve, ordo, dose, ores, dees, revs, node, noes, dene, reed, roes, odor, sore, seen, dore]
[none, even, doer, nerd, sned, sorn, dore, noes, deed, dree, oven, odds, voes, rove, dene, dens, rend, erne, dere, rode, door, sere, redd, vees, nods, sods, neve, reds, revs, veer, erns, rees, oses, done, sore, dees, devs, eddo, sene, sers, need, node, nose, reed, over, rods, does, dors, ordo, odes, noon, vend, eses, ones, soon, eros, eons, dodo, deer, seer, nene, ever, ness, sons, sees, rood, sord, dose, seed, roes, neon, dons, doss, eves, odor, dove, sone, redo, rose, send, ends, rede, seen, ores]
[deed, deer, sers, nene, devs, erns, odor, sore, rend, dons, rood, sere, eros, dore, redd, send, door, nose, nods, ordo, reed, none, soon, rods, dens, sods, neve, rose, dodo, odes, ness, noon, reds, over, roes, oven, dose, odds, doss, dene, ever, node, rove, oses, vees, eves, ones, erne, seen, dree, ends, dere, eddo, doer, redo, rode, rede, neon, nerd, sene, sord, revs, seer, eses, veer, voes, does, vend, done, noes, seed, ores, dors, even, need, sone, rees, dees, sons, sees, eons, sned, dove, sorn]
[rood, deer, ends, sods, sorn, dene, nene, veer, sene, eros, dodo, reds, oses, does, rose, sere, dose, rove, vend, redd, sord, ores, none, devs, over, dons, odes, rode, sone, noes, noon, ever, seer, neve, odor, doer, ones, dree, nerd, seen, reed, soon, vees, eves, dore, eddo, sons, door, dove, dens, send, oven, nods, odds, nose, done, revs, sers, rend, need, dere, ordo, node, redo, deed, voes, eses, erne, rede, neon, dees, seed, erns, sees, ness, roes, rods, dors, sore, sned, even, eons, rees, doss]
[ness, roes, dons, done, dove, dose, ever, rede, dens, dodo, rood, seer, seed, odds, seen, ores, reed, eros, rods, sord, dees, sees, veer, dene, even, eons, soon, sone, sods, odes, sere, eddo, over, rose, revs, devs, redd, rode, need, sers, dree, redo, dore, oven, sned, send, neve, sorn, rees, dere, nods, noes, odor, nene, voes, door, eses, doss, node, noon, vend, ones, ordo, oses, eves, nerd, deer, doer, sene, deed, rend, rove, none, erne, ends, sore, nose, vees, dors, sons, reds, does, erns, neon]
[rove, rode, dere, sers, done, dore, sere, noon, nods, oses, redo, redd, rees, neve, dees, sned, send, dens, dose, seen, eons, deer, voes, sees, eros, rend, sene, eves, nene, revs, need, dree, ever, deed, rose, ores, dodo, doss, sons, ones, sore, door, soon, reds, none, vend, even, odds, ness, ends, erns, eddo, odes, rods, dove, rood, nerd, sorn, noes, oven, ordo, over, reed, dons, doer, nose, neon, veer, dene, dors, erne, eses, sods, sone, devs, seed, odor, does, node, rede, roes, sord, vees, seer]
[none, ness, door, need, done, odes, rode, seer, nene, neon, noon, deer, ores, seed, sons, nods, dons, odor, sods, over, sord, even, nose, dose, rede, send, dors, voes, odds, eddo, rove, vend, veer, ever, dree, sere, seen, ordo, eons, nerd, roes, rees, noes, revs, node, neve, oven, sene, dens, reds, dere, doss, sees, rood, dene, dees, dodo, dove, erns, rend, deed, ones, rods, sned, eves, doer, erne, redo, redd, sore, does, ends, reed, soon, devs, sone, eses, vees, eros, oses, rose, sers, dore, sorn]
[reed, devs, voes, dons, eros, rede, send, redo, veer, dodo, rose, even, sord, rode, none, sons, eses, dene, neon, doer, ever, nene, odds, dree, sore, deed, nods, eddo, done, rend, dere, deer, nerd, dose, sene, ones, sorn, sers, nose, sods, rood, node, erne, rove, rods, odes, vees, seer, doss, dore, soon, rees, erns, door, noes, need, revs, ores, ends, oses, seen, seed, does, eons, neve, vend, roes, noon, reds, eves, redd, oven, ness, dees, sned, dove, sees, dens, odor, dors, over, sere, ordo, sone]
[oven, rose, revs, dors, rees, odor, dere, sned, reds, deed, dove, voes, doss, door, need, erns, even, send, rood, dees, rede, seen, rode, ordo, eons, neon, eses, dree, vees, ness, nose, dene, seed, rove, ores, soon, neve, node, veer, odes, erne, ever, vend, noon, does, noes, rend, sorn, sers, sees, redo, dons, sore, seer, dodo, sene, roes, over, eros, dore, nerd, sord, devs, done, sone, redd, nene, sons, eddo, dose, ends, deer, oses, eves, doer, nods, reed, none, odds, rods, sods, sere, ones, dens]
-------------
rose
oven
send
ends
-------------
Attempts: 26
]]></system-out>
  </testcase>
  <testcase name="testGenerateSuccessGrid1" classname="MainTest" time="1.11">
    <system-out><![CDATA[Tests are starting
[mane, memo, naan, nene, made, cede, coed, coda, amen, cone, mama, demo, odea, meed, aeon, anon, mead, omen, neon, coon, mode, doom, dace, cane, code, name, dona, coma, came, conn, aced, dame, ammo, dene, mome, anoa, acne, cade, nana, need, moan, meno, noma, mace, mood, acme, mend, dean, mano, node, nome, caca, once, deco, mean, nona, coca, come, moon, damn, deem, none, ceca, nada, mana, dome, nema, noon, coco, mono, neem, deme, anna, done]
[deem, mode, conn, ceca, coon, acne, coed, done, mean, meno, moan, aeon, demo, anon, nada, mano, coca, come, odea, cone, name, mome, ammo, anoa, mono, deco, mana, dean, mama, mace, moon, dome, doom, coma, need, noma, once, damn, coco, nome, dace, omen, naan, acme, deme, nana, anna, nene, cede, cane, nona, none, coda, dame, mend, nema, neem, came, dona, amen, code, noon, mane, dene, made, memo, node, caca, mead, cade, neon, aced, mood, meed]
[mana, done, mome, once, mama, mace, mono, moan, mane, cane, caca, mano, mead, neem, aeon, mode, neon, meno, memo, coma, anoa, mend, acme, mood, deco, nana, naan, ammo, coon, moon, code, dace, conn, mean, dome, demo, nome, name, noma, made, anon, meed, doom, dean, come, coda, deem, nene, coco, omen, acne, cone, node, dene, aced, cede, none, nema, cade, came, anna, coca, dame, dona, odea, need, deme, nada, amen, ceca, noon, coed, nona, damn]
[caca, neem, neon, noon, mead, mend, odea, mano, mono, acme, cone, dame, cede, anna, code, dome, nema, cane, coma, nene, nana, dace, coca, deem, moan, coda, anon, nome, coed, nada, noma, once, deme, memo, mome, omen, node, come, mode, meed, moon, done, damn, dene, amen, doom, meno, made, need, naan, mana, dona, ammo, mean, mace, deco, nona, ceca, name, coco, conn, cade, mama, anoa, aced, acne, came, dean, demo, aeon, coon, none, mane, mood]
[coco, damn, coca, moan, moon, noon, deme, mama, cane, doom, deem, mane, deco, ceca, name, mood, coda, ammo, mono, coed, anoa, mead, once, mace, code, omen, amen, none, aced, mend, meed, coma, mano, dace, dean, meno, come, neon, anna, dona, cone, came, made, noma, nana, aeon, mode, demo, dene, nome, mana, nona, need, memo, odea, cade, dame, caca, node, mome, coon, acme, nada, done, anon, nene, dome, acne, naan, mean, cede, conn, neem, nema]
[acne, dame, anoa, nome, aced, mace, nene, dome, anon, nema, done, none, nana, mono, moan, mead, coda, nada, dene, cede, mome, omen, anna, neon, dean, cone, moon, mode, coca, made, name, mend, meno, acme, code, came, meed, damn, amen, mood, doom, dona, ceca, conn, once, need, neem, cade, coed, mama, caca, dace, ammo, noon, mean, naan, cane, node, deem, demo, coco, come, coon, noma, memo, mano, mana, nona, deco, deme, mane, aeon, odea, coma]
[meed, aeon, mean, dean, mama, come, name, code, came, cane, mend, coed, cade, nene, amen, coda, deco, noon, doom, cone, mane, acme, conn, ceca, anna, node, moon, dona, deem, done, ammo, mead, omen, nome, caca, neon, dame, coco, noma, nana, moan, dace, dene, mano, anoa, coon, odea, nona, meno, demo, none, anon, acne, mana, coca, cede, need, deme, mood, made, mono, aced, damn, naan, nada, mace, neem, once, coma, mome, mode, dome, nema, memo]
[aeon, code, dome, noon, nome, nada, nona, mend, dean, meno, mean, anoa, once, coda, coma, deem, memo, done, mace, naan, deco, anon, noma, doom, coco, ammo, aced, nema, mono, conn, dene, mead, mama, cone, dona, coon, cane, meed, need, mana, odea, omen, demo, mood, anna, deme, mano, neem, node, cede, mome, nana, acne, nene, none, dace, amen, coed, come, caca, made, coca, dame, moan, name, came, cade, neon, moon, mode, ceca, damn, acme, mane]
[once, mana, demo, caca, mono, mood, done, cane, moon, deco, nona, nene, mode, come, meed, dene, mane, amen, anon, noon, cone, mome, dean, made, deme, coca, coda, nema, dame, ammo, naan, neon, came, aeon, ceca, omen, mano, none, odea, deem, conn, nana, mean, mace, memo, coma, acne, dome, meno, cade, coco, name, noma, damn, cede, nome, dace, doom, neem, mama, anoa, mead, dona, code, node, nada, anna, coed, aced, acme, moan, coon, need, mend]
[deem, neem, odea, noon, dona, none, nana, coda, neon, deco, came, meno, come, doom, omen, anoa, done, made, aced, mano, amen, acne, cede, nona, anon, node, mean, code, aeon, mood, nene, coon, dace, conn, coed, ammo, naan, mane, coca, noma, mead, caca, mome, need, cade, deme, dene, once, moon, coma, mode, cane, coco, ceca, mono, nema, moan, nada, meed, mace, acme, dame, damn, dome, demo, mama, name, dean, anna, memo, cone, mana, nome, mend]
[mean, deco, nene, mana, moan, done, mane, name, aced, mano, omen, dean, came, ceca, dene, mend, noma, aeon, cone, mono, meno, mood, amen, caca, need, dame, anoa, mome, memo, cade, odea, dace, acne, coon, demo, coda, coco, moon, acme, anon, coed, coma, code, anna, neon, ammo, node, mode, nana, meed, deem, noon, nome, damn, made, once, nona, cede, nema, neem, dona, cane, mama, come, none, coca, naan, mead, mace, dome, conn, deme, nada, doom]
[neon, damn, deco, mood, ammo, mace, anna, nome, mono, dame, deme, nada, deem, caca, meed, doom, coca, cade, omen, mead, dean, dace, mana, demo, code, acne, node, none, coed, aeon, mean, mome, moan, memo, mend, nene, coda, mama, dome, nema, anon, done, conn, moon, anoa, naan, once, ceca, cone, mode, dene, meno, coco, mano, come, noon, amen, aced, cane, need, dona, name, cede, made, came, odea, acme, nana, neem, nona, noma, coon, mane, coma]
[cede, cade, neon, acne, omen, code, doom, node, dean, made, dome, nene, meed, nana, aeon, aced, coca, dene, cone, moon, came, dame, mend, nema, naan, come, mome, ammo, mean, moan, neem, dace, need, coed, name, damn, mano, coco, meno, anna, deco, mode, mana, noon, coon, dona, mood, demo, cane, mace, conn, caca, once, memo, mama, nome, noma, done, ceca, mono, nona, deem, odea, coda, nada, mead, anon, deme, amen, mane, none, anoa, acme, coma]
[dame, aeon, acne, noma, memo, cone, dean, made, damn, moon, coca, demo, ceca, dene, meno, mano, mend, aced, mood, once, nome, conn, cade, nona, noon, moan, dace, coon, coda, odea, coco, none, mean, code, node, mome, cede, come, nene, nema, nada, came, coed, omen, mead, mode, mace, done, dome, neem, ammo, nana, acme, cane, mane, dona, deco, mama, need, anon, neon, caca, meed, deem, doom, name, coma, naan, mana, anna, deme, mono, amen, anoa]
[mace, neem, done, naan, ammo, coon, memo, nada, mama, mome, moan, cede, omen, acne, dame, aeon, meno, dona, aced, ceca, none, conn, name, dace, mead, noma, doom, neon, meed, deme, mono, cade, cane, coda, nema, noon, caca, need, nene, coco, dome, node, mano, came, cone, mood, mode, come, nana, dene, damn, moon, nona, anon, odea, coed, mend, mean, anna, acme, amen, once, code, anoa, deem, demo, mana, coma, dean, coca, made, deco, nome, mane]
[neem, mode, name, meed, coma, dona, naan, dace, mead, coon, demo, mood, amen, nana, nada, mome, conn, node, deem, caca, mama, none, mace, need, coca, moan, ceca, nema, meno, coda, acne, noon, came, anoa, aced, anon, acme, cede, cade, mend, cone, nene, done, dean, ammo, coco, coed, neon, omen, come, code, mane, odea, dome, mono, dene, deco, noma, nona, mana, made, moon, nome, aeon, mano, once, cane, damn, anna, mean, dame, doom, memo, deme]
[noon, made, deem, cane, nene, naan, coma, neon, mean, moan, mode, ammo, code, name, cone, acne, node, mead, coon, meed, deco, dame, once, mend, mama, cade, mana, done, coca, mano, aeon, dace, damn, omen, anoa, mace, none, cede, mane, ceca, dene, nona, doom, come, mood, amen, moon, acme, caca, coda, demo, dona, conn, coco, need, nome, nema, came, anon, neem, noma, odea, dean, deme, anna, dome, nana, nada, coed, memo, meno, mono, mome, aced]
[cade, mane, amen, mace, cede, dace, nome, need, mean, mead, came, acme, cone, coon, nona, ammo, mood, node, mano, ceca, aced, demo, deco, caca, coca, naan, deem, meed, coma, nada, mana, once, memo, dona, mono, noon, doom, odea, name, deme, acne, mama, anon, aeon, dene, noma, anna, dean, nana, anoa, moan, cane, moon, coda, coed, mode, done, coco, none, neem, made, nema, dame, neon, conn, nene, mome, dome, damn, omen, meno, code, mend, come]
-------------
moan
once
acme
need
-------------
Attempts: 19
]]></system-out>
  </testcase>
</testsuite>