<?xml version="1.0" encoding="UTF-8"?>
<testsuite xmlns:xsi="http://www.w3.org/2001/XMLSchema-instance" xsi:noNamespaceSchemaLocation="https://maven.apache.org/surefire/maven-surefire-plugin/xsd/surefire-test-report-3.0.xsd" version="3.0" name="MainTest" time="2.47" tests="2" errors="0" skipped="0" failures="0">
  <properties>
[...]
</properties>
  <testcase name="testGenerateSuccessGrid2" classname="MainTest" time="1.201">
    <system-out><![CDATA[Tests are starting
[nene, devs, need, send, erne, sned, odds, seen, none, eros, noon, nose, sers, eves, sods, rend, over, node, dens, dene, reed, rees, rods, does, ends, nods, done, eses, noes, odes, seer, ores, rode, deer, vend, door, dose, reds, voes, dors, revs, dere, sore, doer, redd, oses, odor, seed, rede, sere, ness, soon, ever, doss, sone, rose, eons, ones, sorn, dove, sord, redo, dees, neon, sons, neve, dons, vees, eddo, erns, sees, deed, roes, rood, oven, dodo, even, dree, ordo, dore, nerd, rove, sene, veer]
[redo, seer, done, send, dere, dene, over, seen, rode, doer, sene, rove, dens, rede, noes, reed, oses, ores, dees, sere, even, nods, dree, redd, roes, dors, rood, neon, neve, nose, door, dore, erns, deed, vees, sone, odes, erne, odor, ever, ness, doss, nerd, does, ends, sore, revs, rees, deer, rend, node, need, soon, ones, sees, eons, sers, devs, vend, dons, sods, sons, eves, rods, reds, dove, eddo, seed, dodo, oven, ordo, nene, rose, sord, veer, none, odds, eros, voes, dose, eses, noon, sned, sorn]
[ordo, redd, dene, sods, ones, does, eves, reed, rend, nods, soon, eons, devs, doss, oven, over, dere, noes, seer, reds, veer, dose, eros, sorn, none, door, odds, ness, even, revs, deer, sore, nose, voes, neon, sord, seen, dodo, dors, rose, nerd, need, ends, erns, noon, dore, dree, neve, seed, rede, dons, erne, ores, send, dove, eses, done, vend, ever, rees, sees, node, doer, odes, sers, sons, redo, oses, sone, rove, sene, vees, rood, rods, roes, sere, dees, eddo, sned, rode, dens, odor, nene, deed]
[voes, dees, soon, oven, even, dere, dove, reds, dodo, erns, eons, sore, veer, odes, does, rede, sons, dree, dons, over, deed, revs, dene, ordo, doer, eves, reed, nene, sned, sorn, dors, dore, nerd, nose, erne, deer, ness, seen, eddo, sers, ores, redd, odds, seer, redo, sere, sene, sone, dens, noes, doss, send, rood, rend, neve, rods, devs, vend, nods, rove, ever, door, ends, seed, eses, dose, rose, sees, oses, noon, eros, done, sods, neon, node, rees, none, need, roes, vees, ones, odor, sord, rode]
[sere, eros, ness, done, rode, deed, revs, does, rend, door, sord, veer, node, seen, ores, dree, sene, vees, sned, seed, dors, dodo, erns, odor, devs, vend, deer, noon, neon, over, sone, neve, rove, sods, redo, odes, dees, doss, dene, nene, rees, erne, eses, redd, ever, need, none, ones, sons, sorn, dons, voes, dore, sees, sers, eons, nerd, dose, dove, oses, seer, ends, roes, dere, reed, noes, rose, doer, dens, even, rood, nods, reds, eddo, sore, ordo, nose, rods, eves, oven, rede, odds, send, soon]
[vend, dose, does, rees, ness, rods, devs, dove, rend, ones, ores, oven, doer, dene, veer, reed, sods, sons, sone, sees, rede, dore, sene, dees, need, rood, odes, deer, doss, erns, redo, dors, vees, nene, ever, soon, neve, none, over, roes, node, nose, dons, send, sned, sere, reds, erne, done, eons, rode, seer, dens, sers, odds, dree, sore, seed, eddo, redd, seen, oses, even, eves, eros, ordo, noes, sorn, nerd, door, neon, noon, dodo, rose, ends, nods, eses, rove, voes, revs, deed, odor, dere, sord]
[even, noes, voes, reds, reed, sorn, eddo, dene, roes, neon, sees, rede, neve, dens, sore, dors, veer, done, dere, vees, erne, rode, sons, rood, sned, seen, sene, rees, devs, dose, dees, ends, erns, dove, ordo, sods, nene, oven, redo, doss, door, ness, node, odor, dodo, does, eons, need, eses, seer, soon, noon, sere, rend, ones, eves, doer, dree, sers, eros, ores, sone, odes, ever, rose, odds, seed, revs, over, nose, oses, nods, rove, rods, deed, send, sord, dore, none, dons, deer, vend, nerd, redd]
[sees, sord, odor, node, seed, sene, dose, over, deed, sers, vees, eros, erne, need, roes, dene, rode, voes, sone, dons, rees, nose, redo, ordo, none, ever, sorn, sned, rede, seen, reed, dore, erns, ones, noon, dors, even, redd, reds, door, revs, done, rose, ends, ores, rods, send, sere, oven, nene, dove, dree, ness, does, oses, nods, dodo, odds, nerd, eddo, veer, neve, dere, doss, devs, rood, noes, deer, dens, vend, dees, seer, odes, eses, sons, rove, eves, sods, rend, eons, sore, doer, neon, soon]
[done, seen, reed, eros, door, even, node, dree, redo, sned, over, nods, eves, odor, send, dors, veer, dons, deed, dove, odds, need, rods, vend, rend, erns, revs, dose, eddo, neve, sers, neon, sere, oses, rove, soon, dere, sene, redd, ordo, sorn, nose, nene, sons, ores, oven, erne, rede, noes, does, ones, seed, dens, sore, eons, doer, dees, odes, nerd, rode, sone, deer, rees, noon, doss, rood, sods, ends, sord, vees, roes, ever, dodo, eses, ness, devs, dene, none, seer, reds, sees, voes, rose, dore]
[dree, voes, nerd, erns, dors, dens, sees, eons, rode, ever, eves, deer, none, dove, node, dodo, sone, sore, reed, does, rods, sned, veer, sere, erne, devs, sons, sods, eros, ordo, seen, noon, rove, reds, seed, ends, rood, ness, rede, roes, rose, deed, sene, dees, doss, vees, eses, need, noes, neve, rees, sorn, dons, done, oses, redd, dose, oven, sers, vend, sord, rend, nene, door, send, dore, revs, doer, soon, ores, odds, nods, over, even, seer, dere, ones, eddo, nose, neon, redo, dene, odor, odes]
[sone, soon, ores, eros, voes, rove, eddo, over, deer, ever, sons, rood, noes, dore, oses, does, dens, dors, eons, rend, roes, even, odds, neon, none, ones, nods, sees, odes, eses, node, redo, door, sned, dose, deed, rods, nose, send, nerd, oven, sord, nene, rees, sere, veer, redd, devs, eves, noon, dere, doer, sore, ordo, doss, seed, sers, sods, revs, erne, dove, done, need, vend, ends, reed, dons, rode, vees, dees, odor, seen, rede, sene, rose, neve, sorn, seer, erns, dodo, dene, reds, dree, ness]
[dens, rend, deed, vend, neve, done, odor, sene, erns, ones, eons, odds, dree, rose, dons, devs, sods, nods, nerd, sere, eses, does, odes, node, voes, eros, ordo, oven, eddo, dove, seed, rods, need, redd, vees, ever, ores, dors, doer, revs, dere, seer, rood, oses, redo, nose, ends, sore, dene, reed, rede, doss, sorn, rove, dees, nene, reds, roes, rode, send, sons, seen, neon, noon, sers, dodo, erne, rees, dore, door, sone, veer, sned, dose, noes, even, soon, deer, ness, none, sees, sord, eves, over]
[dodo, reed, send, sone, deer, none, vend, oses, done, rend, sned, sods, rove, dose, sorn, redo, node, erne, rode, dene, redd, oven, devs, nose, neon, roes, sees, rods, seer, dore, odds, dens, eddo, nods, deed, seed, rees, dons, sord, odor, reds, soon, voes, rede, ores, seen, ordo, doss, neve, doer, ones, eves, door, over, rood, does, dree, eons, odes, nene, dove, sere, erns, ends, eros, eses, sons, sers, ness, dees, revs, nerd, dere, noes, even, sore, ever, vees, sene, noon, veer, need, rose, dors]
[neve, noes, eses, dons, ness, neon, sned, devs, dree, ever, sore, oven, sord, ores, reed, redo, revs, ordo, door, odes, eddo, odor, redd, even, need, noon, dore, dors, ends, dene, rede, vees, veer, over, sons, send, does, dere, dove, rend, odds, voes, rove, soon, sorn, erne, none, rode, eros, deed, doss, roes, done, rood, nose, rees, nene, reds, sone, oses, sods, erns, eves, sere, rods, nerd, seen, deer, ones, dose, eons, node, sees, nods, sene, sers, vend, seer, doer, dens, dodo, dees, rose, seed]
-------------
rose
oven
send
ends
-------------
Attempts: 15
]]></system-out>
  </testcase>
  <testcase name="testGenerateSuccessGrid1" classname="MainTest" time="1.239">
    <system-out><![CDATA[Tests are starting
[node, anoa, cade, mana, coca, mean, mood, cede, code, dean, ammo, mama, meno, aced, neem, nana, mace, mend, amen, aeon, nada, come, mome, demo, nene, need, anon, caca, deco, once, dona, ceca, mono, omen, meed, coed, mead, mode, acne, nema, damn, dene, mano, acme, memo, naan, odea, none, dome, dame, moan, mane, deme, done, anna, came, noon, cane, coma, nome, coda, noma, coco, coon, deem, moon, cone, name, doom, conn, dace, nona, neon, made]
[anoa, dene, nome, noon, nada, doom, neem, acne, deco, aeon, once, mana, come, code, mane, coca, need, nene, nona, coco, cade, dean, acme, mace, none, meed, dome, ceca, neon, nema, dona, deem, coda, mano, deme, ammo, naan, node, done, moan, coma, odea, mean, came, cede, mode, mood, coon, made, anon, moon, damn, mead, omen, memo, noma, demo, coed, mome, meno, dame, mend, caca, dace, name, mono, cane, aced, anna, mama, amen, conn, nana, cone]
[coco, dace, mode, coed, cade, conn, dame, coon, mean, code, anoa, deem, demo, none, ceca, noon, coma, doom, mend, moan, damn, dean, neon, need, came, name, mead, dene, mono, dome, nona, mano, cone, mane, nene, cede, meed, deco, made, memo, nada, nome, ammo, neem, odea, done, amen, aeon, nema, mood, nana, mama, acme, caca, deme, moon, dona, meno, noma, mome, mana, aced, omen, anon, mace, naan, coda, anna, acne, once, node, coca, come, cane]
[aeon, moan, memo, deme, nene, anna, node, mama, coma, doom, coed, nada, mome, ammo, coda, moon, cone, need, mace, dome, caca, aced, cede, mana, coca, nema, omen, anon, cade, code, odea, anoa, mano, name, none, dean, nome, dame, amen, mood, noon, acne, nona, came, mode, made, demo, meed, noma, mean, nana, meno, mono, acme, deem, naan, mane, done, cane, once, come, ceca, deco, dace, neem, dona, coco, neon, dene, damn, mead, coon, mend, conn]
[aeon, acme, mean, cade, aced, cane, neon, dame, anna, meno, cone, come, ceca, code, omen, coma, cede, memo, dene, dean, none, dome, noma, coed, nema, anon, damn, neem, node, mome, dace, mode, deem, nana, coco, mano, moon, moan, coda, mace, once, mood, meed, dona, nome, amen, naan, nada, noon, nene, conn, mama, made, demo, coca, deme, odea, done, acne, deco, mana, coon, nona, need, mono, came, anoa, mane, mead, doom, name, mend, caca, ammo]
[mend, neem, mode, aced, odea, mean, caca, anoa, coco, coda, conn, noon, neon, moon, anna, mace, doom, coon, once, code, done, mama, dace, dome, meed, node, mono, cade, none, ceca, came, mood, omen, noma, mano, cone, nona, nada, deme, mead, memo, coma, dona, dene, mana, come, name, anon, deco, mane, dame, meno, made, coca, demo, acne, acme, nema, ammo, cede, need, mome, dean, deem, damn, coed, cane, moan, aeon, nene, amen, nana, naan, nome]
[once, dace, meno, mane, cede, anon, deem, moon, came, nana, cade, damn, mono, anna, ceca, dean, meed, coca, mome, dene, odea, coda, memo, mace, moan, code, mode, deme, coed, need, neem, node, nene, mead, demo, mama, caca, deco, ammo, mood, nona, done, omen, acne, cane, mend, cone, coon, amen, come, acme, neon, naan, dame, aced, noon, coma, nema, nada, noma, aeon, none, coco, anoa, dome, mano, mean, conn, name, doom, mana, made, nome, dona]
[conn, coma, noma, neon, coca, dome, cone, aeon, moon, come, came, damn, mend, nome, deem, mood, dean, meno, nema, name, naan, mama, nada, cane, anon, need, dene, coda, mean, deme, code, none, mono, mead, cede, nene, ceca, noon, moan, cade, odea, neem, deco, once, anoa, mome, meed, dona, coed, acme, mane, coco, caca, doom, aced, dace, amen, demo, anna, coon, mode, omen, mano, mace, ammo, mana, memo, node, nana, made, acne, done, nona, dame]
[coco, cede, neon, anon, cane, mono, done, mace, once, nona, moan, came, ammo, nana, coca, doom, aced, mode, odea, dome, deco, meno, mane, cone, aeon, ceca, dona, mead, cade, amen, coon, demo, mend, made, none, acne, mama, caca, memo, mood, conn, noon, dean, nema, moon, dame, acme, node, naan, nome, dace, noma, nene, mano, dene, deme, coda, deem, mana, come, need, omen, anna, mome, code, meed, anoa, nada, coma, damn, mean, name, neem, coed]
[once, code, demo, dean, cone, ammo, coda, need, anna, mano, amen, noon, dace, deem, mono, nona, memo, made, dame, mome, anoa, neon, ceca, aced, coma, name, cade, acne, omen, deco, dona, cane, naan, mend, coca, moan, noma, nene, coed, coco, node, none, come, mood, moon, conn, nome, nana, anon, damn, neem, done, mace, mean, came, coon, meed, mane, acme, deme, mana, dome, dene, cede, mode, odea, mead, caca, mama, meno, aeon, nema, nada, doom]
[node, noon, amen, coca, deco, nema, coco, anoa, coed, mood, memo, anon, nona, damn, coon, cede, mane, mean, nana, dome, dona, moan, name, came, meno, nome, anna, none, dean, mome, cane, nene, ammo, naan, mode, cone, once, dene, acne, omen, neem, noma, meed, made, mano, ceca, mana, dame, coma, aced, need, mead, mono, mama, coda, dace, cade, mend, conn, neon, doom, deme, moon, mace, done, come, acme, caca, deem, aeon, demo, odea, code, nada]
[nene, conn, neem, need, anoa, doom, mome, deem, dace, mode, coco, once, none, mood, came, caca, acne, nada, mane, dome, cade, dene, amen, name, mend, nona, anna, node, coca, ammo, nana, dean, nema, anon, coed, code, mead, coma, mano, meed, cede, nome, neon, memo, coda, dona, deme, mama, acme, ceca, mace, coon, demo, noon, cone, odea, noma, come, cane, naan, mean, dame, omen, done, damn, aeon, moon, mono, made, moan, deco, aced, mana, meno]
[moan, mane, cone, neon, nema, need, damn, none, come, coed, nona, dame, cade, cede, nana, acne, acme, naan, mono, coon, moon, came, noon, deem, cane, noma, code, coco, nene, node, dome, caca, dene, dean, made, aeon, mead, mean, anoa, dona, anna, ceca, mome, omen, nome, conn, mama, mana, memo, mano, name, mend, deme, coda, nada, ammo, mode, done, odea, aced, meno, coca, deco, once, meed, dace, mood, mace, neem, demo, doom, amen, anon, coma]
[aeon, cone, done, cade, made, mana, nada, mean, mono, mama, doom, moan, nana, mane, dome, demo, coma, cane, deco, come, caca, name, memo, need, neem, coca, moon, nema, neon, cede, nome, dene, coed, omen, meno, none, dame, mode, came, coon, coda, anoa, naan, dace, once, node, mome, anna, mood, ammo, conn, noma, amen, mano, code, anon, odea, acme, deme, aced, deem, mead, nene, coco, damn, mend, dean, nona, ceca, mace, acne, dona, meed, noon]
[done, neon, meno, came, acne, name, ammo, omen, conn, nona, mean, mano, odea, aced, mane, dame, none, mood, aeon, deem, demo, coma, mead, coed, ceca, moon, nene, cade, doom, noon, memo, mace, once, dace, dene, amen, coco, need, cane, anon, cede, anna, nana, dome, coon, code, dona, moan, deme, mama, nada, made, nema, mend, meed, mana, cone, coca, come, neem, anoa, mome, deco, nome, acme, mode, coda, node, caca, dean, naan, mono, damn, noma]
[memo, deem, nana, noon, nene, amen, cone, caca, neem, doom, ceca, made, coed, aeon, mead, acme, need, mono, omen, mama, code, name, mood, mana, come, mend, anna, moan, done, mane, mean, dona, noma, node, dace, meno, naan, mome, dome, nada, mace, anoa, none, aced, mode, damn, odea, coca, ammo, moon, came, nome, once, coco, deme, coon, cede, meed, nona, coma, dene, deco, conn, neon, cane, demo, nema, coda, dean, dame, cade, acne, mano, anon]
[nada, aced, mead, mono, nene, doom, ceca, ammo, name, once, neem, noon, dace, meno, caca, memo, nona, mana, coca, none, cade, nana, anna, came, omen, deco, mano, nome, noma, coda, node, coon, cede, nema, damn, meed, need, coed, aeon, come, deme, dean, amen, mode, dona, mome, anoa, mama, mace, done, anon, mean, dome, acne, demo, moan, odea, dame, mood, mane, code, cone, naan, dene, made, conn, deem, neon, moon, coma, mend, cane, coco, acme]
[node, anna, nana, moon, come, ammo, mome, anoa, neon, anon, deem, code, ceca, caca, came, noma, mace, acme, conn, nada, cone, neem, nona, noon, naan, aced, mead, cede, mane, coco, name, dene, dean, meed, deme, memo, mana, coda, nome, coed, coca, mend, demo, damn, acne, nene, none, dace, mono, meno, mode, moan, omen, cane, dona, dame, odea, need, mean, made, done, amen, dome, doom, coon, deco, once, aeon, coma, cade, mama, mano, mood, nema]
[mean, noon, anna, conn, coco, demo, mano, deco, mono, dome, nona, anon, amen, mead, coma, nema, omen, cade, neon, doom, mace, mama, meed, caca, made, mend, code, naan, dame, cede, dean, aeon, none, come, odea, coed, dona, anoa, neem, mome, meno, coda, aced, name, dace, came, mood, ceca, once, nene, dene, cane, mana, damn, ammo, done, mane, mode, moon, moan, memo, node, deem, need, cone, acme, nome, noma, nada, acne, deme, coon, coca, nana]
[anoa, mace, dace, nana, neon, memo, none, nona, need, mane, coca, naan, mood, come, coco, code, deem, moon, dame, mean, cade, amen, mead, dene, coma, odea, nene, deme, nome, mana, name, coed, anna, demo, cede, neem, once, mome, doom, mono, meed, anon, mend, damn, ceca, nema, done, acme, nada, coda, omen, came, cone, noma, dome, dona, acne, conn, noon, node, meno, mama, ammo, moan, dean, mode, made, aeon, aced, coon, deco, mano, cane, caca]
[damn, neon, meno, coca, acme, code, coco, ammo, deem, doom, mean, mome, mend, amen, none, nene, dace, naan, coma, dame, noon, meed, coda, anon, caca, noma, mode, acne, coon, conn, came, dene, mane, done, moan, nana, come, anoa, nada, nema, mano, moon, cone, mead, deco, dona, need, neem, memo, mace, dean, name, made, once, anna, ceca, nona, aeon, odea, node, mama, omen, deme, cade, demo, coed, dome, nome, aced, mana, cede, cane, mood, mono]
-------------
moan
once
acme
need
-------------
Attempts: 22
]]></system-out>
  </testcase>
</testsuite>